c:\users\madjid\documents\visual studio 2013\projects\colordetection\colordetection\x64\debug\vc120.pdb
c:\users\madjid\documents\visual studio 2013\projects\colordetection\colordetection\x64\debug\main.obj
c:\users\madjid\documents\visual studio 2013\projects\colordetection\colordetection\x64\debug\colordetection.obj
c:\users\madjid\documents\visual studio 2013\projects\colordetection\colordetection\x64\debug\moc_colordetection.obj
c:\users\madjid\documents\visual studio 2013\projects\colordetection\colordetection\x64\debug\qrc_colordetection.obj
c:\users\madjid\documents\visual studio 2013\projects\colordetection\colordetection\generatedfiles\debug\moc_colordetection.cpp
c:\users\madjid\documents\visual studio 2013\projects\colordetection\colordetection\generatedfiles\qrc_colordetection.cpp
c:\users\madjid\documents\visual studio 2013\projects\colordetection\colordetection\generatedfiles\ui_colordetection.h
c:\users\madjid\documents\visual studio 2013\projects\colordetection\x64\debug\colordetection.ilk
c:\users\madjid\documents\visual studio 2013\projects\colordetection\x64\debug\colordetection.exe
c:\users\madjid\documents\visual studio 2013\projects\colordetection\x64\debug\colordetection.pdb
c:\users\madjid\documents\visual studio 2013\projects\colordetection\colordetection\x64\debug\colordetection.tlog\cl.command.1.tlog
c:\users\madjid\documents\visual studio 2013\projects\colordetection\colordetection\x64\debug\colordetection.tlog\cl.read.1.tlog
c:\users\madjid\documents\visual studio 2013\projects\colordetection\colordetection\x64\debug\colordetection.tlog\cl.write.1.tlog
c:\users\madjid\documents\visual studio 2013\projects\colordetection\colordetection\x64\debug\colordetection.tlog\custombuild.command.1.tlog
c:\users\madjid\documents\visual studio 2013\projects\colordetection\colordetection\x64\debug\colordetection.tlog\custombuild.read.1.tlog
c:\users\madjid\documents\visual studio 2013\projects\colordetection\colordetection\x64\debug\colordetection.tlog\custombuild.write.1.tlog
c:\users\madjid\documents\visual studio 2013\projects\colordetection\colordetection\x64\debug\colordetection.tlog\link.command.1.tlog
c:\users\madjid\documents\visual studio 2013\projects\colordetection\colordetection\x64\debug\colordetection.tlog\link.read.1.tlog
c:\users\madjid\documents\visual studio 2013\projects\colordetection\colordetection\x64\debug\colordetection.tlog\link.write.1.tlog
