Build started 12/10/2018 12:38:12 AM.
     1>Project "C:\Users\Madjid\Documents\Visual Studio 2013\Projects\ColorDetection\ColorDetection\ColorDetection.vcxproj" on node 2 (Rebuild target(s)).
     1>CustomBuild:
         Moc'ing colordetection.h...
         Uic'ing colordetection.ui...
         Rcc'ing colordetection.qrc...
     1>RCC : warning : No resources in 'C:\Users\Madjid\Documents\Visual Studio 2013\Projects\ColorDetection\ColorDetection\colordetection.qrc'.
         
       ClCompile:
         C:\Program Files (x86)\Microsoft Visual Studio 12.0\VC\bin\x86_amd64\CL.exe /c /I.\GeneratedFiles /I. /IC:\Qt\Qt5.6.3\5.6.3\msvc2013_64\include /I.\GeneratedFiles\Release /IC:\Qt\Qt5.6.3\5.6.3\msvc2013_64\include\QtCore /IC:\Qt\Qt5.6.3\5.6.3\msvc2013_64\include\QtGui /IC:\Qt\Qt5.6.3\5.6.3\msvc2013_64\include\QtWidgets /nologo /W1 /WX- /O2 /D UNICODE /D WIN32 /D WIN64 /D QT_DLL /D QT_NO_DEBUG /D NDEBUG /D QT_CORE_LIB /D QT_GUI_LIB /D QT_WIDGETS_LIB /Gm- /EHsc /MD /GS /fp:precise /Zc:wchar_t /Zc:forScope /Fo"x64\Release\\" /Fd"x64\Release\vc120.pdb" /Gd /TP /errorReport:prompt colordetection.cpp GeneratedFiles\Release\moc_colordetection.cpp main.cpp
         colordetection.cpp
         moc_colordetection.cpp
         main.cpp
         Generating Code...
         C:\Program Files (x86)\Microsoft Visual Studio 12.0\VC\bin\x86_amd64\CL.exe /c /I.\GeneratedFiles /I. /IC:\Qt\Qt5.6.3\5.6.3\msvc2013_64\include /I.\GeneratedFiles\Release /IC:\Qt\Qt5.6.3\5.6.3\msvc2013_64\include\QtCore /IC:\Qt\Qt5.6.3\5.6.3\msvc2013_64\include\QtGui /IC:\Qt\Qt5.6.3\5.6.3\msvc2013_64\include\QtWidgets /nologo /W1 /WX- /O2 /D UNICODE /D WIN32 /D WIN64 /D QT_DLL /D QT_NO_DEBUG /D NDEBUG /D QT_CORE_LIB /D QT_GUI_LIB /D QT_WIDGETS_LIB /Gm- /EHsc /MD /GS /fp:precise /Zc:wchar_t /Zc:forScope /Fo"x64\Release\\" /Fd"x64\Release\vc120.pdb" /Gd /TP /errorReport:prompt GeneratedFiles\qrc_colordetection.cpp
         qrc_colordetection.cpp
       Link:
         C:\Program Files (x86)\Microsoft Visual Studio 12.0\VC\bin\x86_amd64\link.exe /ERRORREPORT:PROMPT /OUT:"C:\Users\Madjid\Documents\Visual Studio 2013\Projects\ColorDetection\x64\Release\\ColorDetection.exe" /NOLOGO /LIBPATH:C:\opencv\opencv\build\x64\vc14\lib\Release /LIBPATH:C:\Qt\Qt5.6.3\5.6.3\msvc2013_64\lib opencv_calib3d400.lib opencv_core400.lib opencv_dnn400.lib opencv_features2d400.lib opencv_flann400.lib opencv_highgui400.lib opencv_imgcodecs400.lib opencv_imgproc400.lib opencv_ml400.lib opencv_objdetect400.lib opencv_photo400.lib opencv_shape400.lib opencv_stitching400.lib opencv_superres400.lib opencv_ts400.lib opencv_video400.lib opencv_videoio400.lib opencv_videostab400.lib qtmain.lib Qt5Core.lib Qt5Gui.lib Qt5Widgets.lib kernel32.lib user32.lib gdi32.lib winspool.lib comdlg32.lib advapi32.lib shell32.lib ole32.lib oleaut32.lib uuid.lib odbc32.lib odbccp32.lib /MANIFEST /MANIFESTUAC:"level='asInvoker' uiAccess='false'" /manifest:embed /PDB:"C:\Users\Madjid\Documents\Visual Studio 2013\Projects\ColorDetection\x64\Release\ColorDetection.pdb" /SUBSYSTEM:WINDOWS /TLBID:1 /DYNAMICBASE /NXCOMPAT /IMPLIB:"C:\Users\Madjid\Documents\Visual Studio 2013\Projects\ColorDetection\x64\Release\ColorDetection.lib" /MACHINE:X64 x64\Release\colordetection.obj
         x64\Release\qrc_colordetection.obj
         x64\Release\moc_colordetection.obj
         x64\Release\main.obj
         ColorDetection.vcxproj -> C:\Users\Madjid\Documents\Visual Studio 2013\Projects\ColorDetection\x64\Release\ColorDetection.exe
     1>Done Building Project "C:\Users\Madjid\Documents\Visual Studio 2013\Projects\ColorDetection\ColorDetection\ColorDetection.vcxproj" (Rebuild target(s)).

Build succeeded.

Time Elapsed 00:00:05.12
